* using log directory ‘/Users/sebastianduchene/Desktop/NELSI/NELSI.Rcheck’
* using R version 3.0.2 (2013-09-25)
* using platform: x86_64-apple-darwin10.8.0 (64-bit)
* using session charset: UTF-8
* checking for file ‘NELSI/DESCRIPTION’ ... OK
* checking extension type ... Package
* this is package ‘NELSI’ version ‘0.2’
* checking package namespace information ... OK
* checking package dependencies ... OK
* checking if this is a source package ... OK
* checking if there is a namespace ... OK
* checking for executable files ... OK
* checking for hidden files and directories ... OK
* checking for portable file names ... OK
* checking for sufficient/correct file permissions ... OK
* checking whether package ‘NELSI’ can be installed ... OK
* checking installed package size ... OK
* checking package directory ... OK
* checking DESCRIPTION meta-information ... OK
* checking top-level files ... OK
* checking for left-over files ... OK
* checking index information ... OK
* checking package subdirectories ... OK
* checking R files for non-ASCII characters ... OK
* checking R files for syntax errors ... OK
* checking whether the package can be loaded ... OK
* checking whether the package can be loaded with stated dependencies ... OK
* checking whether the package can be unloaded cleanly ... OK
* checking whether the namespace can be loaded with stated dependencies ... OK
* checking whether the namespace can be unloaded cleanly ... OK
* checking dependencies in R code ... NOTE
‘library’ or ‘require’ calls to packages already attached by Depends:
  ‘epibase’ ‘geiger’
  Please remove these calls from your code.
See the information on DESCRIPTION files in the chapter ‘Creating R
packages’ of the ‘Writing R Extensions’ manual.
* checking S3 generic/method consistency ... WARNING
plot:
  function(x, ...)
plot.ratesim:
  function(rate.sim.object, col.lineages, type)

simulate:
  function(object, nsim, seed, ...)
simulate.autocor.kishino:
  function(tree, params)

simulate:
  function(object, nsim, seed, ...)
simulate.autocor.thorne:
  function(tree, params)

simulate:
  function(object, nsim, seed, ...)
simulate.clock:
  function(tree, params)

simulate:
  function(object, nsim, seed, ...)
simulate.rate:
  function(tree, FUN, ...)

simulate:
  function(object, nsim, seed, ...)
simulate.tdep.ho:
  function(tree, params)

simulate:
  function(object, nsim, seed, ...)
simulate.uncor.exp:
  function(tree, params)

simulate:
  function(object, nsim, seed, ...)
simulate.uncor.gamma:
  function(tree, params)

simulate:
  function(object, nsim, seed, ...)
simulate.uncor.lnorm:
  function(tree, params)

simulate:
  function(object, nsim, seed, ...)
simulate.white.noise:
  function(tree, params)

See section ‘Generic functions and methods’ of the ‘Writing R
Extensions’ manual.
* checking replacement functions ... OK
* checking foreign function calls ... OK
* checking R code for possible problems ... NOTE
simulate.autocor.kishino: warning in rlnorm(1, mean =
  log(abs(preceeding.parent.brrate)), sd = v * data.matrix[i - 1,
  7]^0.5): partial argument match of 'mean' to 'meanlog'
simulate.autocor.kishino: warning in rlnorm(1, mean =
  log(abs(preceeding.parent.brrate)), sd = v * data.matrix[i - 1,
  7]^0.5): partial argument match of 'sd' to 'sdlog'
simulate.autocor.kishino: warning in rlnorm(1, mean =
  log(abs(initial.rate)), sd = sqrt(initial.rate)): partial argument
  match of 'mean' to 'meanlog'
simulate.autocor.kishino: warning in rlnorm(1, mean =
  log(abs(initial.rate)), sd = sqrt(initial.rate)): partial argument
  match of 'sd' to 'sdlog'
simulate.autocor.thorne: warning in rlnorm(1, mean =
  log(abs(preceeding.parent.brrate)), sd = v * abs(data.matrix[i, 4] -
  preceeding.parent.brage)^0.5): partial argument match of 'mean' to
  'meanlog'
simulate.autocor.thorne: warning in rlnorm(1, mean =
  log(abs(preceeding.parent.brrate)), sd = v * abs(data.matrix[i, 4] -
  preceeding.parent.brage)^0.5): partial argument match of 'sd' to
  'sdlog'
simulate.autocor.thorne: warning in rlnorm(1, mean =
  log(abs(initial.rate)), sd = sqrt(initial.rate)): partial argument
  match of 'mean' to 'meanlog'
simulate.autocor.thorne: warning in rlnorm(1, mean =
  log(abs(initial.rate)), sd = sqrt(initial.rate)): partial argument
  match of 'sd' to 'sdlog'
trann2trdat: possible error in mid.edge.ages(tree,
  max(unlist(sapply(tree$annotations, function(x) {: unused argument
  (max(unlist(sapply(tree$annotations, function(x) { x$height_median
  }))))
trann2trdat: possible error in x$height_median: unused argument
  (max(unlist(sapply(tree$annotations, function(x) { x$height_median
  }))))
trann2trdat: possible error in })))): unused argument
  (max(unlist(sapply(tree$annotations, function(x) { x$height_median
  }))))
* checking Rd files ... NOTE
prepare_Rd: NELSI_0.2-package.Rd:29-30: Dropping empty section \seealso
* checking Rd metadata ... OK
* checking Rd cross-references ... OK
* checking for missing documentation entries ... OK
* checking for code/documentation mismatches ... OK
* checking Rd \usage sections ... NOTE
S3 methods shown with full name in documentation object 'plot.ratesim':
  ‘plot.ratesim’

S3 methods shown with full name in documentation object 'simulate.autocor.kishino':
  ‘simulate.autocor.kishino’

S3 methods shown with full name in documentation object 'simulate.autocor.thorne':
  ‘simulate.autocor.thorne’

S3 methods shown with full name in documentation object 'simulate.clock':
  ‘simulate.clock’

S3 methods shown with full name in documentation object 'simulate.rate':
  ‘simulate.rate’

S3 methods shown with full name in documentation object 'simulate.tdep.ho':
  ‘simulate.tdep.ho’

S3 methods shown with full name in documentation object 'simulate.uncor.exp':
  ‘simulate.uncor.exp’

S3 methods shown with full name in documentation object 'simulate.uncor.gamma':
  ‘simulate.uncor.gamma’

S3 methods shown with full name in documentation object 'simulate.uncor.lnorm':
  ‘simulate.uncor.lnorm’

S3 methods shown with full name in documentation object 'simulate.white.noise':
  ‘simulate.white.noise’

The \usage entries for S3 methods should use the \method markup and not
their full name.
See the chapter ‘Writing R documentation files’ in the ‘Writing R
Extensions’ manual.
* checking Rd contents ... OK
* checking for unstated dependencies in examples ... OK
* checking examples ... OK
* checking PDF version of manual ... OK
WARNING: There was 1 warning.
NOTE: There were 4 notes.
