Hmm ... looks like a package

This is pdfTeX, Version 3.1415926-2.4-1.40.13 (TeX Live 2012)
 restricted \write18 enabled.
entering extended mode

(/private/var/folders/NZ/NZpR-942HIitxY8OvBRAME+++TM/-Tmp-/RtmpmMmBvv/Rd2pdf124
15602441/Rd2.tex
LaTeX2e <2011/06/27>
Babel <v3.8m> and hyphenation patterns for english, dumylang, nohyphenation, ge
rman-x-2012-05-30, ngerman-x-2012-05-30, afrikaans, ancientgreek, ibycus, arabi
c, armenian, basque, bulgarian, catalan, pinyin, coptic, croatian, czech, danis
h, dutch, ukenglish, usenglishmax, esperanto, estonian, ethiopic, farsi, finnis
h, french, friulan, galician, german, ngerman, swissgerman, monogreek, greek, h
ungarian, icelandic, assamese, bengali, gujarati, hindi, kannada, malayalam, ma
rathi, oriya, panjabi, tamil, telugu, indonesian, interlingua, irish, italian, 
kurmanji, latin, latvian, lithuanian, mongolian, mongolianlmc, bokmal, nynorsk,
 polish, portuguese, romanian, romansh, russian, sanskrit, serbian, serbianc, s
lovak, slovenian, spanish, swedish, turkish, turkmen, ukrainian, uppersorbian, 
welsh, loaded.

(/usr/local/texlive/2012/texmf-dist/tex/latex/base/book.cls
Document Class: book 2007/10/19 v1.4h Standard LaTeX document class
(/usr/local/texlive/2012/texmf-dist/tex/latex/base/bk10.clo))
(/Library/Frameworks/R.framework/Resources/share/texmf/tex/latex/Rd.sty
(/usr/local/texlive/2012/texmf-dist/tex/latex/base/ifthen.sty)
(/usr/local/texlive/2012/texmf-dist/tex/latex/tools/longtable.sty)
(/usr/local/texlive/2012/texmf-dist/tex/latex/tools/bm.sty)
(/usr/local/texlive/2012/texmf-dist/tex/latex/base/alltt.sty)
(/usr/local/texlive/2012/texmf-dist/tex/latex/tools/verbatim.sty)
(/usr/local/texlive/2012/texmf-dist/tex/latex/url/url.sty)
(/usr/local/texlive/2012/texmf-dist/tex/latex/base/textcomp.sty
(/usr/local/texlive/2012/texmf-dist/tex/latex/base/ts1enc.def))
(/usr/local/texlive/2012/texmf-dist/tex/latex/base/fontenc.sty
(/usr/local/texlive/2012/texmf-dist/tex/latex/base/t1enc.def))
(/usr/local/texlive/2012/texmf-dist/tex/latex/psnfss/times.sty)
(/usr/local/texlive/2012/texmf-dist/tex/latex/inconsolata/inconsolata.sty
(/usr/local/texlive/2012/texmf-dist/tex/latex/graphics/keyval.sty))
(/usr/local/texlive/2012/texmf-dist/tex/latex/graphics/color.sty
(/usr/local/texlive/2012/texmf-dist/tex/latex/latexconfig/color.cfg)
(/usr/local/texlive/2012/texmf-dist/tex/latex/pdftex-def/pdftex.def
(/usr/local/texlive/2012/texmf-dist/tex/generic/oberdiek/infwarerr.sty)
(/usr/local/texlive/2012/texmf-dist/tex/generic/oberdiek/ltxcmds.sty)))
(/usr/local/texlive/2012/texmf-dist/tex/latex/hyperref/hyperref.sty
(/usr/local/texlive/2012/texmf-dist/tex/generic/oberdiek/hobsub-hyperref.sty
(/usr/local/texlive/2012/texmf-dist/tex/generic/oberdiek/hobsub-generic.sty))
(/usr/local/texlive/2012/texmf-dist/tex/generic/ifxetex/ifxetex.sty)
(/usr/local/texlive/2012/texmf-dist/tex/latex/oberdiek/kvoptions.sty)
(/usr/local/texlive/2012/texmf-dist/tex/latex/hyperref/pd1enc.def)
(/usr/local/texlive/2012/texmf-dist/tex/latex/latexconfig/hyperref.cfg))

Package hyperref Message: Driver (autodetected): hpdftex.

(/usr/local/texlive/2012/texmf-dist/tex/latex/hyperref/hpdftex.def
(/usr/local/texlive/2012/texmf-dist/tex/latex/oberdiek/rerunfilecheck.sty))

Package hyperref Warning: Option `hyperindex' has already been used,
(hyperref)                setting the option has no effect on input line 361.


Package hyperref Warning: Option `pagebackref' has already been used,
(hyperref)                setting the option has no effect on input line 361.

) (/usr/local/texlive/2012/texmf-dist/tex/latex/base/makeidx.sty)
(/usr/local/texlive/2012/texmf-dist/tex/latex/base/inputenc.sty
(/usr/local/texlive/2012/texmf-dist/tex/latex/base/utf8.def
(/usr/local/texlive/2012/texmf-dist/tex/latex/base/t1enc.dfu)
(/usr/local/texlive/2012/texmf-dist/tex/latex/base/ot1enc.dfu)
(/usr/local/texlive/2012/texmf-dist/tex/latex/base/omsenc.dfu)
(/usr/local/texlive/2012/texmf-dist/tex/latex/base/ts1enc.dfu))
(/usr/local/texlive/2012/texmf-dist/tex/latex/base/latin1.def))
Writing index file Rd2.idx
No file Rd2.aux.
(/usr/local/texlive/2012/texmf-dist/tex/latex/base/ts1cmr.fd)
(/usr/local/texlive/2012/texmf-dist/tex/latex/psnfss/t1ptm.fd)
(/usr/local/texlive/2012/texmf-dist/tex/context/base/supp-pdf.mkii
[Loading MPS to PDF converter (version 2006.09.02).]
) (/usr/local/texlive/2012/texmf-dist/tex/latex/hyperref/nameref.sty
(/usr/local/texlive/2012/texmf-dist/tex/generic/oberdiek/gettitlestring.sty))
(/usr/local/texlive/2012/texmf-dist/tex/latex/inconsolata/t1fi4.fd)
(/usr/local/texlive/2012/texmf-dist/tex/latex/psnfss/t1phv.fd)
(/usr/local/texlive/2012/texmf-dist/tex/latex/base/utf8.def)
Overfull \hbox (38.8772pt too wide) in paragraph at lines 51--53
[]\T1/ptm/m/n/10 David Duch-ene and Se-bas-tian Duch-ene Main-tainer: Se-bas-ti
an Duch-ene <se-bas-tian.duchene@sydney.edu.au> 
[1{/usr/local/texlive/2012/texmf-var/fonts/map/pdftex/updmap/pdftex.map}]
(/usr/local/texlive/2012/texmf-dist/tex/latex/base/utf8.def) [2]
Overfull \hbox (162.78088pt too wide) in paragraph at lines 125--125
 []\T1/fi4/m/n/9 # See the numbering of internal nodes and tips. Note that the 
tip labels and the actual numbering of the tips are different.[] 
(/usr/local/texlive/2012/texmf-dist/tex/latex/base/utf8.def) [3]
Overfull \hbox (14.28088pt too wide) in paragraph at lines 223--223
 []\T1/fi4/m/n/9 # Simulate rates along the tree with the uncorrlated lognormal
 model with default settings.[] 
[4] (/usr/local/texlive/2012/texmf-dist/tex/latex/base/utf8.def) [5] [6]
Overfull \hbox (275.28088pt too wide) in paragraph at lines 346--346
 []        \T1/fi4/m/n/9 stop("The taxon name was not found in the tree data ma
trix. It should be a number between 1 and the number of nodes (internal and ext
ernal)")[] 
(/usr/local/texlive/2012/texmf-dist/tex/latex/base/utf8.def) [7]
Overfull \hbox (135.78088pt too wide) in paragraph at lines 413--413
 []\T1/fi4/m/n/9 rateTreeAutocor <- simulate.rate(myTree, FUN = simulate.autoco
r.kishino, params = list(initial.rate = 0.01, v = 0.01))[] 

Overfull \hbox (230.28088pt too wide) in paragraph at lines 422--422
 []\T1/fi4/m/n/9 # Estimate correlation of branch and daughter branch-wise rate
s. The correlation coefficient should be higher for the autocorrelated rates:[]
 
(/usr/local/texlive/2012/texmf-dist/tex/latex/base/utf8.def) [8] [9]
(/usr/local/texlive/2012/texmf-dist/tex/latex/base/utf8.def) [10] [11]
(/usr/local/texlive/2012/texmf-dist/tex/latex/base/utf8.def) [12]
Overfull \hbox (18.78088pt too wide) in paragraph at lines 722--722
 []        \T1/fi4/m/n/9 nodesinpath <- sapply(1:length(phylo$tip.label), funct
ion(x) length(Ancestors(phylo,[] 

Overfull \hbox (68.28088pt too wide) in paragraph at lines 728--728
 []\T1/fi4/m/n/9 nodesinpath <- sapply(1:(length(phylo$tip.label)+phylo$Nnode),
 function(x) length(Ancestors(phylo, x)))[] 
(/usr/local/texlive/2012/texmf-dist/tex/latex/base/utf8.def) [13] [14]
(/usr/local/texlive/2012/texmf-dist/tex/latex/base/utf8.def) [15]
Overfull \hbox (63.78088pt too wide) in paragraph at lines 897--897
 []\T1/fi4/m/n/9 kishinoRateTreeHigh <- simulate.autocor.kishino(myTree, params
 = list(initial.rate = 0.01, v = 0.001))[] 

Overfull \hbox (50.28088pt too wide) in paragraph at lines 901--901
 []\T1/fi4/m/n/9 kishinoRateTreeLow <- simulate.autocor.kishino(myTree, params 
= list(initial.rate = 0.01, v = 0.5))[] 
[16]
Overfull \hbox (9.78088pt too wide) in paragraph at lines 923--923
 []            \T1/fi4/m/n/9 if (!(is.na(preceeding.parent.brrate)) & !(is.nan(
preceeding.parent.brrate)) &[] 

Overfull \hbox (23.28088pt too wide) in paragraph at lines 925--925
 []                \T1/fi4/m/n/9 data.matrix[i, 5] <- abs(rlnorm(1, mean = log(
abs(preceeding.parent.brrate)),[] 
(/usr/local/texlive/2012/texmf-dist/tex/latex/base/utf8.def) [17]
Overfull \hbox (54.78088pt too wide) in paragraph at lines 1007--1007
 []\T1/fi4/m/n/9 thorneRateTreeHigh <- simulate.autocor.thorne(myTree, params =
 list(initial.rate = 0.01, v = 0.001))[] 

Overfull \hbox (41.28088pt too wide) in paragraph at lines 1011--1011
 []\T1/fi4/m/n/9 thorneRateTreeLow <- simulate.autocor.thorne(myTree, params = 
list(initial.rate = 0.01, v = 0.5))[] 
[18]
Overfull \hbox (9.78088pt too wide) in paragraph at lines 1035--1035
 []            \T1/fi4/m/n/9 if (!(is.na(preceeding.parent.brrate)) & !(is.nan(
preceeding.parent.brrate)) &[] 

Overfull \hbox (23.28088pt too wide) in paragraph at lines 1037--1037
 []                \T1/fi4/m/n/9 data.matrix[i, 5] <- abs(rlnorm(1, mean = log(
abs(preceeding.parent.brrate)),[] 
(/usr/local/texlive/2012/texmf-dist/tex/latex/base/utf8.def) [19] [20]
(/usr/local/texlive/2012/texmf-dist/tex/latex/base/utf8.def) [21]
Overfull \hbox (13.07661pt too wide) in paragraph at lines 1207--1216
\T1/ptm/m/n/10 late.tdep.ho - sim-u-late.uncor.exp - sim-u-late.uncor.lnorm - s
im-u-late.uncor.gamma - sim-u-late.white.noise 

Overfull \hbox (149.28088pt too wide) in paragraph at lines 1229--1229
 []\T1/fi4/m/n/9 rateTree.custom <- simulate.rate(tree = myTree, FUN = simulate
.uncor.lnorm, params = list(mean.log = -3.9, sd.log = 0.8))[] 
(/usr/local/texlive/2012/texmf-dist/tex/latex/base/utf8.def)
Overfull \hbox (69.78088pt too wide) in paragraph at lines 1253--1253
 []\T1/fi4/m/n/10 simulate.tdep.ho(tree, params = list(mu = 0.035, srate = 0.01
5, lambda = 0.1, noise = 0.001))[] 
[22]
Overfull \hbox (55.47598pt too wide) in paragraph at lines 1291--1299
[]\T1/ptm/m/n/10 simulate.tdep.generic sim-u-late.autocor.kishino sim-u-late.au
tocor.thorne sim-u-late.uncor.exp sim-u-late.uncor.gamma

Overfull \hbox (477.78088pt too wide) in paragraph at lines 1307--1307
 []\T1/fi4/m/n/9 # Perhaps a lamda value of 4 is more appropriate to simulate a
 significant rate change through time in this phylogeny. We also add additional
 noise, and leave the other default values unchanged.[] 

Overfull \hbox (9.78088pt too wide) in paragraph at lines 1308--1308
 []\T1/fi4/m/n/9 plot(function(x) 0.015 + (0.035 * exp(-4 * x)), xlim = c(0, ma
x(branching.times(myTree))))[] 

Overfull \hbox (108.78088pt too wide) in paragraph at lines 1309--1309
 []\T1/fi4/m/n/9 rate.simulation <- simulate.tdep.ho(myTree, params = list(mu =
 0.035, srate = 0.015, lambda = 4, noise = 0.003))[] 

Overfull \hbox (140.28088pt too wide) in paragraph at lines 1310--1310
 []\T1/fi4/m/n/9 plot(rate.simulation[[2]][,4], rate.simulation[[2]][,5], pch =
 19, xlab = "Mid age of branch", ylab = "Molecular rate")[] 
[23] (/usr/local/texlive/2012/texmf-dist/tex/latex/base/utf8.def) [24]
(/usr/local/texlive/2012/texmf-dist/tex/latex/base/utf8.def) [25] [26]
(/usr/local/texlive/2012/texmf-dist/tex/latex/base/utf8.def) [27]
Overfull \hbox (23.28088pt too wide) in paragraph at lines 1579--1579
 []\T1/fi4/m/n/9 rateTree <- simulate.uncor.lnorm(tree = myTree, params = list(
mean.log = -3.9, sd.log = 0.5))[] 
[28] (/usr/local/texlive/2012/texmf-dist/tex/latex/base/utf8.def) [29]
Overfull \hbox (23.28088pt too wide) in paragraph at lines 1667--1667
 []\T1/fi4/m/n/9 rateTree <- simulate.white.noise(tree = myTree, params = list(
mean.log = -3.9, sd.log = 0.1))[] 
(/usr/local/texlive/2012/texmf-dist/tex/latex/base/utf8.def) [30] [31]
No file Rd2.ind.
[32] (./Rd2.aux)

Package rerunfilecheck Warning: File `Rd2.out' has changed.
(rerunfilecheck)                Rerun to get outlines right
(rerunfilecheck)                or use package `bookmark'.

 )
(see the transcript file for additional information){/usr/local/texlive/2012/te
xmf-dist/fonts/enc/dvips/base/8r.enc}{/usr/local/texlive/2012/texmf-dist/fonts/
enc/dvips/inconsolata/fi4-ec.enc}</usr/local/texlive/2012/texmf-dist/fonts/type
1/public/inconsolata/Inconsolata.pfb></usr/local/texlive/2012/texmf-dist/fonts/
type1/urw/helvetic/uhvr8a.pfb></usr/local/texlive/2012/texmf-dist/fonts/type1/u
rw/times/utmb8a.pfb></usr/local/texlive/2012/texmf-dist/fonts/type1/urw/times/u
tmr8a.pfb></usr/local/texlive/2012/texmf-dist/fonts/type1/urw/times/utmr8a.pfb>
</usr/local/texlive/2012/texmf-dist/fonts/type1/urw/times/utmri8a.pfb>
Output written on Rd2.pdf (32 pages, 116063 bytes).
Transcript written on Rd2.log.
This is makeindex, version 2.15 [TeX Live 2012] (kpathsea + Thai support).
Scanning input file ./Rd2.idx....done (50 entries accepted, 0 rejected).
Sorting entries....done (295 comparisons).
Generating output file ./Rd2.ind....done (90 lines written, 0 warnings).
Output written in ./Rd2.ind.
Transcript written in ./Rd2.ilg.
This is pdfTeX, Version 3.1415926-2.4-1.40.13 (TeX Live 2012)
 restricted \write18 enabled.
entering extended mode

(/private/var/folders/NZ/NZpR-942HIitxY8OvBRAME+++TM/-Tmp-/RtmpmMmBvv/Rd2pdf124
15602441/Rd2.tex
LaTeX2e <2011/06/27>
Babel <v3.8m> and hyphenation patterns for english, dumylang, nohyphenation, ge
rman-x-2012-05-30, ngerman-x-2012-05-30, afrikaans, ancientgreek, ibycus, arabi
c, armenian, basque, bulgarian, catalan, pinyin, coptic, croatian, czech, danis
h, dutch, ukenglish, usenglishmax, esperanto, estonian, ethiopic, farsi, finnis
h, french, friulan, galician, german, ngerman, swissgerman, monogreek, greek, h
ungarian, icelandic, assamese, bengali, gujarati, hindi, kannada, malayalam, ma
rathi, oriya, panjabi, tamil, telugu, indonesian, interlingua, irish, italian, 
kurmanji, latin, latvian, lithuanian, mongolian, mongolianlmc, bokmal, nynorsk,
 polish, portuguese, romanian, romansh, russian, sanskrit, serbian, serbianc, s
lovak, slovenian, spanish, swedish, turkish, turkmen, ukrainian, uppersorbian, 
welsh, loaded.

(/usr/local/texlive/2012/texmf-dist/tex/latex/base/book.cls
Document Class: book 2007/10/19 v1.4h Standard LaTeX document class
(/usr/local/texlive/2012/texmf-dist/tex/latex/base/bk10.clo))
(/Library/Frameworks/R.framework/Resources/share/texmf/tex/latex/Rd.sty
(/usr/local/texlive/2012/texmf-dist/tex/latex/base/ifthen.sty)
(/usr/local/texlive/2012/texmf-dist/tex/latex/tools/longtable.sty)
(/usr/local/texlive/2012/texmf-dist/tex/latex/tools/bm.sty)
(/usr/local/texlive/2012/texmf-dist/tex/latex/base/alltt.sty)
(/usr/local/texlive/2012/texmf-dist/tex/latex/tools/verbatim.sty)
(/usr/local/texlive/2012/texmf-dist/tex/latex/url/url.sty)
(/usr/local/texlive/2012/texmf-dist/tex/latex/base/textcomp.sty
(/usr/local/texlive/2012/texmf-dist/tex/latex/base/ts1enc.def))
(/usr/local/texlive/2012/texmf-dist/tex/latex/base/fontenc.sty
(/usr/local/texlive/2012/texmf-dist/tex/latex/base/t1enc.def))
(/usr/local/texlive/2012/texmf-dist/tex/latex/psnfss/times.sty)
(/usr/local/texlive/2012/texmf-dist/tex/latex/inconsolata/inconsolata.sty
(/usr/local/texlive/2012/texmf-dist/tex/latex/graphics/keyval.sty))
(/usr/local/texlive/2012/texmf-dist/tex/latex/graphics/color.sty
(/usr/local/texlive/2012/texmf-dist/tex/latex/latexconfig/color.cfg)
(/usr/local/texlive/2012/texmf-dist/tex/latex/pdftex-def/pdftex.def
(/usr/local/texlive/2012/texmf-dist/tex/generic/oberdiek/infwarerr.sty)
(/usr/local/texlive/2012/texmf-dist/tex/generic/oberdiek/ltxcmds.sty)))
(/usr/local/texlive/2012/texmf-dist/tex/latex/hyperref/hyperref.sty
(/usr/local/texlive/2012/texmf-dist/tex/generic/oberdiek/hobsub-hyperref.sty
(/usr/local/texlive/2012/texmf-dist/tex/generic/oberdiek/hobsub-generic.sty))
(/usr/local/texlive/2012/texmf-dist/tex/generic/ifxetex/ifxetex.sty)
(/usr/local/texlive/2012/texmf-dist/tex/latex/oberdiek/kvoptions.sty)
(/usr/local/texlive/2012/texmf-dist/tex/latex/hyperref/pd1enc.def)
(/usr/local/texlive/2012/texmf-dist/tex/latex/latexconfig/hyperref.cfg))

Package hyperref Message: Driver (autodetected): hpdftex.

(/usr/local/texlive/2012/texmf-dist/tex/latex/hyperref/hpdftex.def
(/usr/local/texlive/2012/texmf-dist/tex/latex/oberdiek/rerunfilecheck.sty))

Package hyperref Warning: Option `hyperindex' has already been used,
(hyperref)                setting the option has no effect on input line 361.


Package hyperref Warning: Option `pagebackref' has already been used,
(hyperref)                setting the option has no effect on input line 361.

) (/usr/local/texlive/2012/texmf-dist/tex/latex/base/makeidx.sty)
(/usr/local/texlive/2012/texmf-dist/tex/latex/base/inputenc.sty
(/usr/local/texlive/2012/texmf-dist/tex/latex/base/utf8.def
(/usr/local/texlive/2012/texmf-dist/tex/latex/base/t1enc.dfu)
(/usr/local/texlive/2012/texmf-dist/tex/latex/base/ot1enc.dfu)
(/usr/local/texlive/2012/texmf-dist/tex/latex/base/omsenc.dfu)
(/usr/local/texlive/2012/texmf-dist/tex/latex/base/ts1enc.dfu))
(/usr/local/texlive/2012/texmf-dist/tex/latex/base/latin1.def))
Writing index file Rd2.idx
(./Rd2.aux) (/usr/local/texlive/2012/texmf-dist/tex/latex/base/ts1cmr.fd)
(/usr/local/texlive/2012/texmf-dist/tex/latex/psnfss/t1ptm.fd)
(/usr/local/texlive/2012/texmf-dist/tex/context/base/supp-pdf.mkii
[Loading MPS to PDF converter (version 2006.09.02).]
) (/usr/local/texlive/2012/texmf-dist/tex/latex/hyperref/nameref.sty
(/usr/local/texlive/2012/texmf-dist/tex/generic/oberdiek/gettitlestring.sty))
(./Rd2.out) (./Rd2.out)
(/usr/local/texlive/2012/texmf-dist/tex/latex/inconsolata/t1fi4.fd)
(/usr/local/texlive/2012/texmf-dist/tex/latex/psnfss/t1phv.fd) (./Rd2.toc)
(/usr/local/texlive/2012/texmf-dist/tex/latex/base/utf8.def) [1{/usr/local/texl
ive/2012/texmf-var/fonts/map/pdftex/updmap/pdftex.map}]
Overfull \hbox (38.8772pt too wide) in paragraph at lines 51--53
[]\T1/ptm/m/n/10 David Duch-ene and Se-bas-tian Duch-ene Main-tainer: Se-bas-ti
an Duch-ene <se-bas-tian.duchene@sydney.edu.au> 
(/usr/local/texlive/2012/texmf-dist/tex/latex/base/utf8.def) [2]
Overfull \hbox (162.78088pt too wide) in paragraph at lines 125--125
 []\T1/fi4/m/n/9 # See the numbering of internal nodes and tips. Note that the 
tip labels and the actual numbering of the tips are different.[] 
[3] (/usr/local/texlive/2012/texmf-dist/tex/latex/base/utf8.def) [4]
Overfull \hbox (14.28088pt too wide) in paragraph at lines 223--223
 []\T1/fi4/m/n/9 # Simulate rates along the tree with the uncorrlated lognormal
 model with default settings.[] 
(/usr/local/texlive/2012/texmf-dist/tex/latex/base/utf8.def) [5] [6]
Overfull \hbox (275.28088pt too wide) in paragraph at lines 346--346
 []        \T1/fi4/m/n/9 stop("The taxon name was not found in the tree data ma
trix. It should be a number between 1 and the number of nodes (internal and ext
ernal)")[] 
(/usr/local/texlive/2012/texmf-dist/tex/latex/base/utf8.def) [7]
Overfull \hbox (135.78088pt too wide) in paragraph at lines 413--413
 []\T1/fi4/m/n/9 rateTreeAutocor <- simulate.rate(myTree, FUN = simulate.autoco
r.kishino, params = list(initial.rate = 0.01, v = 0.01))[] 

Overfull \hbox (230.28088pt too wide) in paragraph at lines 422--422
 []\T1/fi4/m/n/9 # Estimate correlation of branch and daughter branch-wise rate
s. The correlation coefficient should be higher for the autocorrelated rates:[]
 
[8] (/usr/local/texlive/2012/texmf-dist/tex/latex/base/utf8.def) [9]
(/usr/local/texlive/2012/texmf-dist/tex/latex/base/utf8.def) [10] [11]
(/usr/local/texlive/2012/texmf-dist/tex/latex/base/utf8.def) [12]
Overfull \hbox (18.78088pt too wide) in paragraph at lines 722--722
 []        \T1/fi4/m/n/9 nodesinpath <- sapply(1:length(phylo$tip.label), funct
ion(x) length(Ancestors(phylo,[] 
[13]
Overfull \hbox (68.28088pt too wide) in paragraph at lines 728--728
 []\T1/fi4/m/n/9 nodesinpath <- sapply(1:(length(phylo$tip.label)+phylo$Nnode),
 function(x) length(Ancestors(phylo, x)))[] 
(/usr/local/texlive/2012/texmf-dist/tex/latex/base/utf8.def) [14]
(/usr/local/texlive/2012/texmf-dist/tex/latex/base/utf8.def) [15] [16]
Overfull \hbox (63.78088pt too wide) in paragraph at lines 897--897
 []\T1/fi4/m/n/9 kishinoRateTreeHigh <- simulate.autocor.kishino(myTree, params
 = list(initial.rate = 0.01, v = 0.001))[] 

Overfull \hbox (50.28088pt too wide) in paragraph at lines 901--901
 []\T1/fi4/m/n/9 kishinoRateTreeLow <- simulate.autocor.kishino(myTree, params 
= list(initial.rate = 0.01, v = 0.5))[] 

Overfull \hbox (9.78088pt too wide) in paragraph at lines 923--923
 []            \T1/fi4/m/n/9 if (!(is.na(preceeding.parent.brrate)) & !(is.nan(
preceeding.parent.brrate)) &[] 

Overfull \hbox (23.28088pt too wide) in paragraph at lines 925--925
 []                \T1/fi4/m/n/9 data.matrix[i, 5] <- abs(rlnorm(1, mean = log(
abs(preceeding.parent.brrate)),[] 
(/usr/local/texlive/2012/texmf-dist/tex/latex/base/utf8.def) [17] [18]
Overfull \hbox (54.78088pt too wide) in paragraph at lines 1007--1007
 []\T1/fi4/m/n/9 thorneRateTreeHigh <- simulate.autocor.thorne(myTree, params =
 list(initial.rate = 0.01, v = 0.001))[] 

Overfull \hbox (41.28088pt too wide) in paragraph at lines 1011--1011
 []\T1/fi4/m/n/9 thorneRateTreeLow <- simulate.autocor.thorne(myTree, params = 
list(initial.rate = 0.01, v = 0.5))[] 

Overfull \hbox (9.78088pt too wide) in paragraph at lines 1035--1035
 []            \T1/fi4/m/n/9 if (!(is.na(preceeding.parent.brrate)) & !(is.nan(
preceeding.parent.brrate)) &[] 

Overfull \hbox (23.28088pt too wide) in paragraph at lines 1037--1037
 []                \T1/fi4/m/n/9 data.matrix[i, 5] <- abs(rlnorm(1, mean = log(
abs(preceeding.parent.brrate)),[] 
(/usr/local/texlive/2012/texmf-dist/tex/latex/base/utf8.def) [19] [20]
(/usr/local/texlive/2012/texmf-dist/tex/latex/base/utf8.def) [21]
Overfull \hbox (13.07661pt too wide) in paragraph at lines 1207--1216
\T1/ptm/m/n/10 late.tdep.ho - sim-u-late.uncor.exp - sim-u-late.uncor.lnorm - s
im-u-late.uncor.gamma - sim-u-late.white.noise 

Overfull \hbox (149.28088pt too wide) in paragraph at lines 1229--1229
 []\T1/fi4/m/n/9 rateTree.custom <- simulate.rate(tree = myTree, FUN = simulate
.uncor.lnorm, params = list(mean.log = -3.9, sd.log = 0.8))[] 
(/usr/local/texlive/2012/texmf-dist/tex/latex/base/utf8.def) [22]
Overfull \hbox (69.78088pt too wide) in paragraph at lines 1253--1253
 []\T1/fi4/m/n/10 simulate.tdep.ho(tree, params = list(mu = 0.035, srate = 0.01
5, lambda = 0.1, noise = 0.001))[] 

Overfull \hbox (55.47598pt too wide) in paragraph at lines 1291--1299
[]\T1/ptm/m/n/10 simulate.tdep.generic sim-u-late.autocor.kishino sim-u-late.au
tocor.thorne sim-u-late.uncor.exp sim-u-late.uncor.gamma
[23]
Overfull \hbox (477.78088pt too wide) in paragraph at lines 1307--1307
 []\T1/fi4/m/n/9 # Perhaps a lamda value of 4 is more appropriate to simulate a
 significant rate change through time in this phylogeny. We also add additional
 noise, and leave the other default values unchanged.[] 

Overfull \hbox (9.78088pt too wide) in paragraph at lines 1308--1308
 []\T1/fi4/m/n/9 plot(function(x) 0.015 + (0.035 * exp(-4 * x)), xlim = c(0, ma
x(branching.times(myTree))))[] 

Overfull \hbox (108.78088pt too wide) in paragraph at lines 1309--1309
 []\T1/fi4/m/n/9 rate.simulation <- simulate.tdep.ho(myTree, params = list(mu =
 0.035, srate = 0.015, lambda = 4, noise = 0.003))[] 

Overfull \hbox (140.28088pt too wide) in paragraph at lines 1310--1310
 []\T1/fi4/m/n/9 plot(rate.simulation[[2]][,4], rate.simulation[[2]][,5], pch =
 19, xlab = "Mid age of branch", ylab = "Molecular rate")[] 
(/usr/local/texlive/2012/texmf-dist/tex/latex/base/utf8.def) [24] [25]
(/usr/local/texlive/2012/texmf-dist/tex/latex/base/utf8.def) [26]
(/usr/local/texlive/2012/texmf-dist/tex/latex/base/utf8.def) [27] [28]
Overfull \hbox (23.28088pt too wide) in paragraph at lines 1579--1579
 []\T1/fi4/m/n/9 rateTree <- simulate.uncor.lnorm(tree = myTree, params = list(
mean.log = -3.9, sd.log = 0.5))[] 
(/usr/local/texlive/2012/texmf-dist/tex/latex/base/utf8.def) [29]
Overfull \hbox (23.28088pt too wide) in paragraph at lines 1667--1667
 []\T1/fi4/m/n/9 rateTree <- simulate.white.noise(tree = myTree, params = list(
mean.log = -3.9, sd.log = 0.1))[] 
[30] (/usr/local/texlive/2012/texmf-dist/tex/latex/base/utf8.def) [31]
(./Rd2.ind [32]

LaTeX Font Warning: Font shape `T1/fi4/m/it' undefined
(Font)              using `T1/fi4/m/n' instead on input line 65.

[33]) (./Rd2.aux)

Package rerunfilecheck Warning: File `Rd2.out' has changed.
(rerunfilecheck)                Rerun to get outlines right
(rerunfilecheck)                or use package `bookmark'.


LaTeX Font Warning: Some font shapes were not available, defaults substituted.

 )
(see the transcript file for additional information){/usr/local/texlive/2012/te
xmf-dist/fonts/enc/dvips/base/8r.enc}{/usr/local/texlive/2012/texmf-dist/fonts/
enc/dvips/inconsolata/fi4-ec.enc}</usr/local/texlive/2012/texmf-dist/fonts/type
1/public/inconsolata/Inconsolata.pfb></usr/local/texlive/2012/texmf-dist/fonts/
type1/public/amsfonts/cm/cmsy10.pfb></usr/local/texlive/2012/texmf-dist/fonts/t
ype1/urw/helvetic/uhvr8a.pfb></usr/local/texlive/2012/texmf-dist/fonts/type1/ur
w/times/utmb8a.pfb></usr/local/texlive/2012/texmf-dist/fonts/type1/urw/times/ut
mr8a.pfb></usr/local/texlive/2012/texmf-dist/fonts/type1/urw/times/utmr8a.pfb><
/usr/local/texlive/2012/texmf-dist/fonts/type1/urw/times/utmri8a.pfb>
Output written on Rd2.pdf (33 pages, 129018 bytes).
Transcript written on Rd2.log.
This is makeindex, version 2.15 [TeX Live 2012] (kpathsea + Thai support).
Scanning input file ./Rd2.idx....done (50 entries accepted, 0 rejected).
Sorting entries....done (295 comparisons).
Generating output file ./Rd2.ind....done (90 lines written, 0 warnings).
Output written in ./Rd2.ind.
Transcript written in ./Rd2.ilg.
This is pdfTeX, Version 3.1415926-2.4-1.40.13 (TeX Live 2012)
 restricted \write18 enabled.
entering extended mode

(/private/var/folders/NZ/NZpR-942HIitxY8OvBRAME+++TM/-Tmp-/RtmpmMmBvv/Rd2pdf124
15602441/Rd2.tex
LaTeX2e <2011/06/27>
Babel <v3.8m> and hyphenation patterns for english, dumylang, nohyphenation, ge
rman-x-2012-05-30, ngerman-x-2012-05-30, afrikaans, ancientgreek, ibycus, arabi
c, armenian, basque, bulgarian, catalan, pinyin, coptic, croatian, czech, danis
h, dutch, ukenglish, usenglishmax, esperanto, estonian, ethiopic, farsi, finnis
h, french, friulan, galician, german, ngerman, swissgerman, monogreek, greek, h
ungarian, icelandic, assamese, bengali, gujarati, hindi, kannada, malayalam, ma
rathi, oriya, panjabi, tamil, telugu, indonesian, interlingua, irish, italian, 
kurmanji, latin, latvian, lithuanian, mongolian, mongolianlmc, bokmal, nynorsk,
 polish, portuguese, romanian, romansh, russian, sanskrit, serbian, serbianc, s
lovak, slovenian, spanish, swedish, turkish, turkmen, ukrainian, uppersorbian, 
welsh, loaded.

(/usr/local/texlive/2012/texmf-dist/tex/latex/base/book.cls
Document Class: book 2007/10/19 v1.4h Standard LaTeX document class
(/usr/local/texlive/2012/texmf-dist/tex/latex/base/bk10.clo))
(/Library/Frameworks/R.framework/Resources/share/texmf/tex/latex/Rd.sty
(/usr/local/texlive/2012/texmf-dist/tex/latex/base/ifthen.sty)
(/usr/local/texlive/2012/texmf-dist/tex/latex/tools/longtable.sty)
(/usr/local/texlive/2012/texmf-dist/tex/latex/tools/bm.sty)
(/usr/local/texlive/2012/texmf-dist/tex/latex/base/alltt.sty)
(/usr/local/texlive/2012/texmf-dist/tex/latex/tools/verbatim.sty)
(/usr/local/texlive/2012/texmf-dist/tex/latex/url/url.sty)
(/usr/local/texlive/2012/texmf-dist/tex/latex/base/textcomp.sty
(/usr/local/texlive/2012/texmf-dist/tex/latex/base/ts1enc.def))
(/usr/local/texlive/2012/texmf-dist/tex/latex/base/fontenc.sty
(/usr/local/texlive/2012/texmf-dist/tex/latex/base/t1enc.def))
(/usr/local/texlive/2012/texmf-dist/tex/latex/psnfss/times.sty)
(/usr/local/texlive/2012/texmf-dist/tex/latex/inconsolata/inconsolata.sty
(/usr/local/texlive/2012/texmf-dist/tex/latex/graphics/keyval.sty))
(/usr/local/texlive/2012/texmf-dist/tex/latex/graphics/color.sty
(/usr/local/texlive/2012/texmf-dist/tex/latex/latexconfig/color.cfg)
(/usr/local/texlive/2012/texmf-dist/tex/latex/pdftex-def/pdftex.def
(/usr/local/texlive/2012/texmf-dist/tex/generic/oberdiek/infwarerr.sty)
(/usr/local/texlive/2012/texmf-dist/tex/generic/oberdiek/ltxcmds.sty)))
(/usr/local/texlive/2012/texmf-dist/tex/latex/hyperref/hyperref.sty
(/usr/local/texlive/2012/texmf-dist/tex/generic/oberdiek/hobsub-hyperref.sty
(/usr/local/texlive/2012/texmf-dist/tex/generic/oberdiek/hobsub-generic.sty))
(/usr/local/texlive/2012/texmf-dist/tex/generic/ifxetex/ifxetex.sty)
(/usr/local/texlive/2012/texmf-dist/tex/latex/oberdiek/kvoptions.sty)
(/usr/local/texlive/2012/texmf-dist/tex/latex/hyperref/pd1enc.def)
(/usr/local/texlive/2012/texmf-dist/tex/latex/latexconfig/hyperref.cfg))

Package hyperref Message: Driver (autodetected): hpdftex.

(/usr/local/texlive/2012/texmf-dist/tex/latex/hyperref/hpdftex.def
(/usr/local/texlive/2012/texmf-dist/tex/latex/oberdiek/rerunfilecheck.sty))

Package hyperref Warning: Option `hyperindex' has already been used,
(hyperref)                setting the option has no effect on input line 361.


Package hyperref Warning: Option `pagebackref' has already been used,
(hyperref)                setting the option has no effect on input line 361.

) (/usr/local/texlive/2012/texmf-dist/tex/latex/base/makeidx.sty)
(/usr/local/texlive/2012/texmf-dist/tex/latex/base/inputenc.sty
(/usr/local/texlive/2012/texmf-dist/tex/latex/base/utf8.def
(/usr/local/texlive/2012/texmf-dist/tex/latex/base/t1enc.dfu)
(/usr/local/texlive/2012/texmf-dist/tex/latex/base/ot1enc.dfu)
(/usr/local/texlive/2012/texmf-dist/tex/latex/base/omsenc.dfu)
(/usr/local/texlive/2012/texmf-dist/tex/latex/base/ts1enc.dfu))
(/usr/local/texlive/2012/texmf-dist/tex/latex/base/latin1.def))
Writing index file Rd2.idx
(./Rd2.aux) (/usr/local/texlive/2012/texmf-dist/tex/latex/base/ts1cmr.fd)
(/usr/local/texlive/2012/texmf-dist/tex/latex/psnfss/t1ptm.fd)
(/usr/local/texlive/2012/texmf-dist/tex/context/base/supp-pdf.mkii
[Loading MPS to PDF converter (version 2006.09.02).]
) (/usr/local/texlive/2012/texmf-dist/tex/latex/hyperref/nameref.sty
(/usr/local/texlive/2012/texmf-dist/tex/generic/oberdiek/gettitlestring.sty))
(./Rd2.out) (./Rd2.out)
(/usr/local/texlive/2012/texmf-dist/tex/latex/inconsolata/t1fi4.fd)
(/usr/local/texlive/2012/texmf-dist/tex/latex/psnfss/t1phv.fd) (./Rd2.toc)
(/usr/local/texlive/2012/texmf-dist/tex/latex/base/utf8.def) [1{/usr/local/texl
ive/2012/texmf-var/fonts/map/pdftex/updmap/pdftex.map}]
Overfull \hbox (38.8772pt too wide) in paragraph at lines 51--53
[]\T1/ptm/m/n/10 David Duch-ene and Se-bas-tian Duch-ene Main-tainer: Se-bas-ti
an Duch-ene <se-bas-tian.duchene@sydney.edu.au> 
(/usr/local/texlive/2012/texmf-dist/tex/latex/base/utf8.def) [2]
Overfull \hbox (162.78088pt too wide) in paragraph at lines 125--125
 []\T1/fi4/m/n/9 # See the numbering of internal nodes and tips. Note that the 
tip labels and the actual numbering of the tips are different.[] 
[3] (/usr/local/texlive/2012/texmf-dist/tex/latex/base/utf8.def) [4]
Overfull \hbox (14.28088pt too wide) in paragraph at lines 223--223
 []\T1/fi4/m/n/9 # Simulate rates along the tree with the uncorrlated lognormal
 model with default settings.[] 
(/usr/local/texlive/2012/texmf-dist/tex/latex/base/utf8.def) [5] [6]
Overfull \hbox (275.28088pt too wide) in paragraph at lines 346--346
 []        \T1/fi4/m/n/9 stop("The taxon name was not found in the tree data ma
trix. It should be a number between 1 and the number of nodes (internal and ext
ernal)")[] 
(/usr/local/texlive/2012/texmf-dist/tex/latex/base/utf8.def) [7]
Overfull \hbox (135.78088pt too wide) in paragraph at lines 413--413
 []\T1/fi4/m/n/9 rateTreeAutocor <- simulate.rate(myTree, FUN = simulate.autoco
r.kishino, params = list(initial.rate = 0.01, v = 0.01))[] 

Overfull \hbox (230.28088pt too wide) in paragraph at lines 422--422
 []\T1/fi4/m/n/9 # Estimate correlation of branch and daughter branch-wise rate
s. The correlation coefficient should be higher for the autocorrelated rates:[]
 
[8] (/usr/local/texlive/2012/texmf-dist/tex/latex/base/utf8.def) [9]
(/usr/local/texlive/2012/texmf-dist/tex/latex/base/utf8.def) [10] [11]
(/usr/local/texlive/2012/texmf-dist/tex/latex/base/utf8.def) [12]
Overfull \hbox (18.78088pt too wide) in paragraph at lines 722--722
 []        \T1/fi4/m/n/9 nodesinpath <- sapply(1:length(phylo$tip.label), funct
ion(x) length(Ancestors(phylo,[] 
[13]
Overfull \hbox (68.28088pt too wide) in paragraph at lines 728--728
 []\T1/fi4/m/n/9 nodesinpath <- sapply(1:(length(phylo$tip.label)+phylo$Nnode),
 function(x) length(Ancestors(phylo, x)))[] 
(/usr/local/texlive/2012/texmf-dist/tex/latex/base/utf8.def) [14]
(/usr/local/texlive/2012/texmf-dist/tex/latex/base/utf8.def) [15] [16]
Overfull \hbox (63.78088pt too wide) in paragraph at lines 897--897
 []\T1/fi4/m/n/9 kishinoRateTreeHigh <- simulate.autocor.kishino(myTree, params
 = list(initial.rate = 0.01, v = 0.001))[] 

Overfull \hbox (50.28088pt too wide) in paragraph at lines 901--901
 []\T1/fi4/m/n/9 kishinoRateTreeLow <- simulate.autocor.kishino(myTree, params 
= list(initial.rate = 0.01, v = 0.5))[] 

Overfull \hbox (9.78088pt too wide) in paragraph at lines 923--923
 []            \T1/fi4/m/n/9 if (!(is.na(preceeding.parent.brrate)) & !(is.nan(
preceeding.parent.brrate)) &[] 

Overfull \hbox (23.28088pt too wide) in paragraph at lines 925--925
 []                \T1/fi4/m/n/9 data.matrix[i, 5] <- abs(rlnorm(1, mean = log(
abs(preceeding.parent.brrate)),[] 
(/usr/local/texlive/2012/texmf-dist/tex/latex/base/utf8.def) [17] [18]
Overfull \hbox (54.78088pt too wide) in paragraph at lines 1007--1007
 []\T1/fi4/m/n/9 thorneRateTreeHigh <- simulate.autocor.thorne(myTree, params =
 list(initial.rate = 0.01, v = 0.001))[] 

Overfull \hbox (41.28088pt too wide) in paragraph at lines 1011--1011
 []\T1/fi4/m/n/9 thorneRateTreeLow <- simulate.autocor.thorne(myTree, params = 
list(initial.rate = 0.01, v = 0.5))[] 

Overfull \hbox (9.78088pt too wide) in paragraph at lines 1035--1035
 []            \T1/fi4/m/n/9 if (!(is.na(preceeding.parent.brrate)) & !(is.nan(
preceeding.parent.brrate)) &[] 

Overfull \hbox (23.28088pt too wide) in paragraph at lines 1037--1037
 []                \T1/fi4/m/n/9 data.matrix[i, 5] <- abs(rlnorm(1, mean = log(
abs(preceeding.parent.brrate)),[] 
(/usr/local/texlive/2012/texmf-dist/tex/latex/base/utf8.def) [19] [20]
(/usr/local/texlive/2012/texmf-dist/tex/latex/base/utf8.def) [21]
Overfull \hbox (13.07661pt too wide) in paragraph at lines 1207--1216
\T1/ptm/m/n/10 late.tdep.ho - sim-u-late.uncor.exp - sim-u-late.uncor.lnorm - s
im-u-late.uncor.gamma - sim-u-late.white.noise 

Overfull \hbox (149.28088pt too wide) in paragraph at lines 1229--1229
 []\T1/fi4/m/n/9 rateTree.custom <- simulate.rate(tree = myTree, FUN = simulate
.uncor.lnorm, params = list(mean.log = -3.9, sd.log = 0.8))[] 
(/usr/local/texlive/2012/texmf-dist/tex/latex/base/utf8.def) [22]
Overfull \hbox (69.78088pt too wide) in paragraph at lines 1253--1253
 []\T1/fi4/m/n/10 simulate.tdep.ho(tree, params = list(mu = 0.035, srate = 0.01
5, lambda = 0.1, noise = 0.001))[] 

Overfull \hbox (55.47598pt too wide) in paragraph at lines 1291--1299
[]\T1/ptm/m/n/10 simulate.tdep.generic sim-u-late.autocor.kishino sim-u-late.au
tocor.thorne sim-u-late.uncor.exp sim-u-late.uncor.gamma
[23]
Overfull \hbox (477.78088pt too wide) in paragraph at lines 1307--1307
 []\T1/fi4/m/n/9 # Perhaps a lamda value of 4 is more appropriate to simulate a
 significant rate change through time in this phylogeny. We also add additional
 noise, and leave the other default values unchanged.[] 

Overfull \hbox (9.78088pt too wide) in paragraph at lines 1308--1308
 []\T1/fi4/m/n/9 plot(function(x) 0.015 + (0.035 * exp(-4 * x)), xlim = c(0, ma
x(branching.times(myTree))))[] 

Overfull \hbox (108.78088pt too wide) in paragraph at lines 1309--1309
 []\T1/fi4/m/n/9 rate.simulation <- simulate.tdep.ho(myTree, params = list(mu =
 0.035, srate = 0.015, lambda = 4, noise = 0.003))[] 

Overfull \hbox (140.28088pt too wide) in paragraph at lines 1310--1310
 []\T1/fi4/m/n/9 plot(rate.simulation[[2]][,4], rate.simulation[[2]][,5], pch =
 19, xlab = "Mid age of branch", ylab = "Molecular rate")[] 
(/usr/local/texlive/2012/texmf-dist/tex/latex/base/utf8.def) [24] [25]
(/usr/local/texlive/2012/texmf-dist/tex/latex/base/utf8.def) [26]
(/usr/local/texlive/2012/texmf-dist/tex/latex/base/utf8.def) [27] [28]
Overfull \hbox (23.28088pt too wide) in paragraph at lines 1579--1579
 []\T1/fi4/m/n/9 rateTree <- simulate.uncor.lnorm(tree = myTree, params = list(
mean.log = -3.9, sd.log = 0.5))[] 
(/usr/local/texlive/2012/texmf-dist/tex/latex/base/utf8.def) [29]
Overfull \hbox (23.28088pt too wide) in paragraph at lines 1667--1667
 []\T1/fi4/m/n/9 rateTree <- simulate.white.noise(tree = myTree, params = list(
mean.log = -3.9, sd.log = 0.1))[] 
[30] (/usr/local/texlive/2012/texmf-dist/tex/latex/base/utf8.def) [31]
(./Rd2.ind [32]

LaTeX Font Warning: Font shape `T1/fi4/m/it' undefined
(Font)              using `T1/fi4/m/n' instead on input line 65.

[33]) (./Rd2.aux)

LaTeX Font Warning: Some font shapes were not available, defaults substituted.

 )
(see the transcript file for additional information){/usr/local/texlive/2012/te
xmf-dist/fonts/enc/dvips/base/8r.enc}{/usr/local/texlive/2012/texmf-dist/fonts/
enc/dvips/inconsolata/fi4-ec.enc}</usr/local/texlive/2012/texmf-dist/fonts/type
1/public/inconsolata/Inconsolata.pfb></usr/local/texlive/2012/texmf-dist/fonts/
type1/public/amsfonts/cm/cmsy10.pfb></usr/local/texlive/2012/texmf-dist/fonts/t
ype1/urw/helvetic/uhvr8a.pfb></usr/local/texlive/2012/texmf-dist/fonts/type1/ur
w/times/utmb8a.pfb></usr/local/texlive/2012/texmf-dist/fonts/type1/urw/times/ut
mr8a.pfb></usr/local/texlive/2012/texmf-dist/fonts/type1/urw/times/utmr8a.pfb><
/usr/local/texlive/2012/texmf-dist/fonts/type1/urw/times/utmri8a.pfb>
Output written on Rd2.pdf (33 pages, 129610 bytes).
Transcript written on Rd2.log.
Saving output to 'NELSI-manual.pdf' ...
Done
You may want to clean up by 'rm -rf /var/folders/NZ/NZpR-942HIitxY8OvBRAME+++TM/-Tmp-//RtmpmMmBvv/Rd2pdf12415602441'
