* using log directory ‘/Users/sebastianduchene/Desktop/nelsi_temp/NELSI/NELSI-0.2.Rcheck’
* using R version 3.0.2 (2013-09-25)
* using platform: x86_64-apple-darwin10.8.0 (64-bit)
* using session charset: UTF-8
* checking for file ‘NELSI-0.2/DESCRIPTION’ ... WARNING
  Package name is not portable:
  It must start with a letter, contain letters, digits or dot
  have at least 2 characters and not end with a dot.
* checking extension type ... Package
* this is package ‘NELSI-0.2’ version ‘0.2’
* checking package namespace information ... OK
* checking package dependencies ... OK
* checking if this is a source package ... OK
* checking if there is a namespace ... OK
* checking for executable files ... OK
* checking for hidden files and directories ... OK
* checking for portable file names ... OK
* checking for sufficient/correct file permissions ... OK
* checking whether package ‘NELSI-0.2’ can be installed ... ERROR
Installation failed.
See ‘/Users/sebastianduchene/Desktop/nelsi_temp/NELSI/NELSI-0.2.Rcheck/00install.out’ for details.
